<?xml version="1.0" encoding="UTF-8"?>
<!-- Generated by org.testng.reporters.JUnitXMLReporter -->
<testsuite hostname="tmc-PC" name="Test" tests="36" failures="4" timestamp="13 Jun 2017 09:36:53 GMT" time="0.972" errors="0">
  <testcase name="testcase1" time="0.006" classname="com.annotations.Annot"/>
  <testcase name="testcase2" time="0.002" classname="com.annotations.Annot"/>
  <testcase name="testcase3" time="0.002" classname="com.annotations.Annot"/>
  <testcase name="testcase1" time="0.011" classname="com.annotations.SoftAssertionExample">
    <failure type="java.lang.AssertionError" message="The following asserts failed:
	Comparing number of links expected [12] but found [10],
	comparing number of radio buttons expected [2] but found [3]">
      <![CDATA[java.lang.AssertionError: The following asserts failed:
	Comparing number of links expected [12] but found [10],
	comparing number of radio buttons expected [2] but found [3]
	at com.annotations.SoftAssertionExample.testcase1(SoftAssertionExample.java:19)
... Removed 26 stack frames]]>
    </failure>
  </testcase> <!-- testcase1 -->
  <testcase name="assertionex" time="0.003" classname="com.annotations.AssertionExample"/>
  <testcase name="testcase1" time="0.003" classname="com.annotations.OneMoreAssertion">
    <failure type="java.lang.AssertionError" message="The following asserts failed:
	expected [false] but found [true]">
      <![CDATA[java.lang.AssertionError: The following asserts failed:
	expected [false] but found [true]
	at com.annotations.OneMoreAssertion.testcase1(OneMoreAssertion.java:16)
... Removed 26 stack frames]]>
    </failure>
  </testcase> <!-- testcase1 -->
  <testcase name="testcase1" time="0.003" classname="com.annotations.OneMoreMethodFail">
    <failure type="java.lang.AssertionError" message="The following asserts failed:
	Comparing two strings">
      <![CDATA[java.lang.AssertionError: The following asserts failed:
	Comparing two strings
	at com.annotations.OneMoreMethodFail.testcase1(OneMoreMethodFail.java:17)
... Removed 26 stack frames]]>
    </failure>
  </testcase> <!-- testcase1 -->
  <testcase name="testcase1" time="0.001" classname="com.annotations.ParamWithExcel"/>
  <testcase name="testcase1" time="0.002" classname="com.annotations.ParamWithExcel"/>
  <testcase name="testcase1" time="0.001" classname="com.annotations.ParamWithExcel"/>
  <testcase name="testcase1" time="0.001" classname="com.annotations.ParamWithExcel"/>
  <testcase name="testcase1" time="0.001" classname="com.annotations.ParamWithExcel"/>
  <testcase name="testcase1" time="0.001" classname="com.annotations.ParamWithExcel"/>
  <testcase name="testcase1" time="0.001" classname="com.annotations.ParamWithExcel"/>
  <testcase name="testcase1" time="0.001" classname="com.annotations.ParamWithExcel"/>
  <testcase name="testcase1" time="0.001" classname="com.annotations.ParamWithExcel"/>
  <testcase name="testcase1" time="0.001" classname="com.annotations.ParamWithExcel"/>
  <testcase name="testcase1" time="0.001" classname="com.annotations.ParamWithExcel"/>
  <testcase name="testcase1" time="0.0" classname="com.annotations.ParamWithExcel"/>
  <testcase name="testcase1" time="0.001" classname="com.annotations.ParamWithExcel"/>
  <testcase name="testcase1" time="0.0" classname="com.annotations.ParamWithExcel"/>
  <testcase name="testcase1" time="0.001" classname="com.annotations.ParamWithExcel"/>
  <testcase name="testcase1" time="0.001" classname="com.annotations.ParamWithExcel"/>
  <testcase name="workwithExcel" time="0.066" classname="com.annotations.WorkWithExcel"/>
  <testcase name="testcase1" time="0.001" classname="com.annotations.Param"/>
  <testcase name="testcase1" time="0.0" classname="com.annotations.Param"/>
  <testcase name="testcase1" time="0.001" classname="com.annotations.Param"/>
  <testcase name="login" time="0.001" classname="com.annotations.DependencyExample"/>
  <testcase name="login" time="0.0" classname="com.annotations.SkipTestCase"/>
  <testcase name="login" time="0.001" classname="com.annotations.PriorityExample"/>
  <testcase name="composemail" time="0.001" classname="com.annotations.SkipTestCase">
    <skipped/>
  </testcase> <!-- composemail -->
  <testcase name="composemail" time="0.0" classname="com.annotations.PriorityExample"/>
  <testcase name="composemail" time="0.001" classname="com.annotations.DependencyExample">
    <failure type="java.lang.AssertionError" message="The following asserts failed:
	expected [true] but found [false]">
      <![CDATA[java.lang.AssertionError: The following asserts failed:
	expected [true] but found [false]
	at com.annotations.DependencyExample.composemail(DependencyExample.java:24)
... Removed 26 stack frames]]>
    </failure>
  </testcase> <!-- composemail -->
  <testcase name="Savemail" time="0.0" classname="com.annotations.SkipTestCase"/>
  <testcase name="Savemail" time="0.001" classname="com.annotations.PriorityExample"/>
  <testcase name="Savemail" time="0.0" classname="com.annotations.DependencyExample">
    <skipped/>
  </testcase> <!-- Savemail -->
</testsuite> <!-- Test -->
