<html>
<head>
<title>TestNG:  Test</title>
<link href="../testng.css" rel="stylesheet" type="text/css" />
<link href="../my-testng.css" rel="stylesheet" type="text/css" />

<style type="text/css">
.log { display: none;} 
.stack-trace { display: none;} 
</style>
<script type="text/javascript">
<!--
function flip(e) {
  current = e.style.display;
  if (current == 'block') {
    e.style.display = 'none';
    return 0;
  }
  else {
    e.style.display = 'block';
    return 1;
  }
}

function toggleBox(szDivId, elem, msg1, msg2)
{
  var res = -1;  if (document.getElementById) {
    res = flip(document.getElementById(szDivId));
  }
  else if (document.all) {
    // this is the way old msie versions work
    res = flip(document.all[szDivId]);
  }
  if(elem) {
    if(res == 0) elem.innerHTML = msg1; else elem.innerHTML = msg2;
  }

}

function toggleAllBoxes() {
  if (document.getElementsByTagName) {
    d = document.getElementsByTagName('div');
    for (i = 0; i < d.length; i++) {
      if (d[i].className == 'log') {
        flip(d[i]);
      }
    }
  }
}

// -->
</script>

</head>
<body>
<h2 align='center'>Test</h2><table border='1' align="center">
<tr>
<td>Tests passed/Failed/Skipped:</td><td>30/4/2</td>
</tr><tr>
<td>Started on:</td><td>Tue Jun 13 15:06:52 IST 2017</td>
</tr>
<tr><td>Total time:</td><td>0 seconds (972 ms)</td>
</tr><tr>
<td>Included groups:</td><td></td>
</tr><tr>
<td>Excluded groups:</td><td></td>
</tr>
</table><p/>
<small><i>(Hover the method name to see the test class name)</i></small><p/>
<table width='100%' border='1' class='invocation-failed'>
<tr><td colspan='4' align='center'><b>FAILED TESTS</b></td></tr>
<tr><td><b>Test method</b></td>
<td width="30%"><b>Exception</b></td>
<td width="10%"><b>Time (seconds)</b></td>
<td><b>Instance</b></td>
</tr>
<tr>
<td title='com.annotations.DependencyExample.composemail()'><b>composemail</b><br>Test class: com.annotations.DependencyExample</td>
<td><div><pre>java.lang.AssertionError: The following asserts failed:
	expected [true] but found [false]
	at com.annotations.DependencyExample.composemail(DependencyExample.java:24)
... Removed 26 stack frames</pre></div><a href='#' onClick='toggleBox("stack-trace30741185", this, "Click to show all stack frames", "Click to hide stack frames")'>Click to show all stack frames</a>
<div class='stack-trace' id='stack-trace30741185'><pre>java.lang.AssertionError: The following asserts failed:
	expected [true] but found [false]
	at org.testng.asserts.SoftAssert.assertAll(SoftAssert.java:43)
	at com.annotations.DependencyExample.composemail(DependencyExample.java:24)
	at sun.reflect.NativeMethodAccessorImpl.invoke0(Native Method)
	at sun.reflect.NativeMethodAccessorImpl.invoke(NativeMethodAccessorImpl.java:62)
	at sun.reflect.DelegatingMethodAccessorImpl.invoke(DelegatingMethodAccessorImpl.java:43)
	at java.lang.reflect.Method.invoke(Method.java:498)
	at org.testng.internal.MethodInvocationHelper.invokeMethod(MethodInvocationHelper.java:100)
	at org.testng.internal.Invoker.invokeMethod(Invoker.java:646)
	at org.testng.internal.Invoker.invokeTestMethod(Invoker.java:811)
	at org.testng.internal.Invoker.invokeTestMethods(Invoker.java:1137)
	at org.testng.internal.TestMethodWorker.invokeTestMethods(TestMethodWorker.java:129)
	at org.testng.internal.TestMethodWorker.run(TestMethodWorker.java:112)
	at org.testng.TestRunner.privateRun(TestRunner.java:753)
	at org.testng.TestRunner.run(TestRunner.java:607)
	at org.testng.SuiteRunner.runTest(SuiteRunner.java:368)
	at org.testng.SuiteRunner.runSequentially(SuiteRunner.java:363)
	at org.testng.SuiteRunner.privateRun(SuiteRunner.java:321)
	at org.testng.SuiteRunner.run(SuiteRunner.java:270)
	at org.testng.SuiteRunnerWorker.runSuite(SuiteRunnerWorker.java:52)
	at org.testng.SuiteRunnerWorker.run(SuiteRunnerWorker.java:86)
	at org.testng.TestNG.runSuitesSequentially(TestNG.java:1284)
	at org.testng.TestNG.runSuitesLocally(TestNG.java:1209)
	at org.testng.TestNG.runSuites(TestNG.java:1124)
	at org.testng.TestNG.run(TestNG.java:1096)
	at org.testng.remote.AbstractRemoteTestNG.run(AbstractRemoteTestNG.java:132)
	at org.testng.remote.RemoteTestNG.initAndRun(RemoteTestNG.java:236)
	at org.testng.remote.RemoteTestNG.main(RemoteTestNG.java:81)
</pre></div></td>
<td>0</td>
<td>com.annotations.DependencyExample@1629756</td></tr>
<tr>
<td title='com.annotations.SoftAssertionExample.testcase1()'><b>testcase1</b><br>Test class: com.annotations.SoftAssertionExample</td>
<td><div><pre>java.lang.AssertionError: The following asserts failed:
	Comparing number of links expected [12] but found [10],
	comparing number of radio buttons expected [2] but found [3]
	at com.annotations.SoftAssertionExample.testcase1(SoftAssertionExample.java:19)
... Removed 26 stack frames</pre></div><a href='#' onClick='toggleBox("stack-trace15651673", this, "Click to show all stack frames", "Click to hide stack frames")'>Click to show all stack frames</a>
<div class='stack-trace' id='stack-trace15651673'><pre>java.lang.AssertionError: The following asserts failed:
	Comparing number of links expected [12] but found [10],
	comparing number of radio buttons expected [2] but found [3]
	at org.testng.asserts.SoftAssert.assertAll(SoftAssert.java:43)
	at com.annotations.SoftAssertionExample.testcase1(SoftAssertionExample.java:19)
	at sun.reflect.NativeMethodAccessorImpl.invoke0(Native Method)
	at sun.reflect.NativeMethodAccessorImpl.invoke(NativeMethodAccessorImpl.java:62)
	at sun.reflect.DelegatingMethodAccessorImpl.invoke(DelegatingMethodAccessorImpl.java:43)
	at java.lang.reflect.Method.invoke(Method.java:498)
	at org.testng.internal.MethodInvocationHelper.invokeMethod(MethodInvocationHelper.java:100)
	at org.testng.internal.Invoker.invokeMethod(Invoker.java:646)
	at org.testng.internal.Invoker.invokeTestMethod(Invoker.java:811)
	at org.testng.internal.Invoker.invokeTestMethods(Invoker.java:1137)
	at org.testng.internal.TestMethodWorker.invokeTestMethods(TestMethodWorker.java:129)
	at org.testng.internal.TestMethodWorker.run(TestMethodWorker.java:112)
	at org.testng.TestRunner.privateRun(TestRunner.java:753)
	at org.testng.TestRunner.run(TestRunner.java:607)
	at org.testng.SuiteRunner.runTest(SuiteRunner.java:368)
	at org.testng.SuiteRunner.runSequentially(SuiteRunner.java:363)
	at org.testng.SuiteRunner.privateRun(SuiteRunner.java:321)
	at org.testng.SuiteRunner.run(SuiteRunner.java:270)
	at org.testng.SuiteRunnerWorker.runSuite(SuiteRunnerWorker.java:52)
	at org.testng.SuiteRunnerWorker.run(SuiteRunnerWorker.java:86)
	at org.testng.TestNG.runSuitesSequentially(TestNG.java:1284)
	at org.testng.TestNG.runSuitesLocally(TestNG.java:1209)
	at org.testng.TestNG.runSuites(TestNG.java:1124)
	at org.testng.TestNG.run(TestNG.java:1096)
	at org.testng.remote.AbstractRemoteTestNG.run(AbstractRemoteTestNG.java:132)
	at org.testng.remote.RemoteTestNG.initAndRun(RemoteTestNG.java:236)
	at org.testng.remote.RemoteTestNG.main(RemoteTestNG.java:81)
</pre></div></td>
<td>0</td>
<td>com.annotations.SoftAssertionExample@19a81e8</td></tr>
<tr>
<td title='com.annotations.OneMoreAssertion.testcase1()'><b>testcase1</b><br>Test class: com.annotations.OneMoreAssertion</td>
<td><div><pre>java.lang.AssertionError: The following asserts failed:
	expected [false] but found [true]
	at com.annotations.OneMoreAssertion.testcase1(OneMoreAssertion.java:16)
... Removed 26 stack frames</pre></div><a href='#' onClick='toggleBox("stack-trace15489610", this, "Click to show all stack frames", "Click to hide stack frames")'>Click to show all stack frames</a>
<div class='stack-trace' id='stack-trace15489610'><pre>java.lang.AssertionError: The following asserts failed:
	expected [false] but found [true]
	at org.testng.asserts.SoftAssert.assertAll(SoftAssert.java:43)
	at com.annotations.OneMoreAssertion.testcase1(OneMoreAssertion.java:16)
	at sun.reflect.NativeMethodAccessorImpl.invoke0(Native Method)
	at sun.reflect.NativeMethodAccessorImpl.invoke(NativeMethodAccessorImpl.java:62)
	at sun.reflect.DelegatingMethodAccessorImpl.invoke(DelegatingMethodAccessorImpl.java:43)
	at java.lang.reflect.Method.invoke(Method.java:498)
	at org.testng.internal.MethodInvocationHelper.invokeMethod(MethodInvocationHelper.java:100)
	at org.testng.internal.Invoker.invokeMethod(Invoker.java:646)
	at org.testng.internal.Invoker.invokeTestMethod(Invoker.java:811)
	at org.testng.internal.Invoker.invokeTestMethods(Invoker.java:1137)
	at org.testng.internal.TestMethodWorker.invokeTestMethods(TestMethodWorker.java:129)
	at org.testng.internal.TestMethodWorker.run(TestMethodWorker.java:112)
	at org.testng.TestRunner.privateRun(TestRunner.java:753)
	at org.testng.TestRunner.run(TestRunner.java:607)
	at org.testng.SuiteRunner.runTest(SuiteRunner.java:368)
	at org.testng.SuiteRunner.runSequentially(SuiteRunner.java:363)
	at org.testng.SuiteRunner.privateRun(SuiteRunner.java:321)
	at org.testng.SuiteRunner.run(SuiteRunner.java:270)
	at org.testng.SuiteRunnerWorker.runSuite(SuiteRunnerWorker.java:52)
	at org.testng.SuiteRunnerWorker.run(SuiteRunnerWorker.java:86)
	at org.testng.TestNG.runSuitesSequentially(TestNG.java:1284)
	at org.testng.TestNG.runSuitesLocally(TestNG.java:1209)
	at org.testng.TestNG.runSuites(TestNG.java:1124)
	at org.testng.TestNG.run(TestNG.java:1096)
	at org.testng.remote.AbstractRemoteTestNG.run(AbstractRemoteTestNG.java:132)
	at org.testng.remote.RemoteTestNG.initAndRun(RemoteTestNG.java:236)
	at org.testng.remote.RemoteTestNG.main(RemoteTestNG.java:81)
</pre></div></td>
<td>0</td>
<td>com.annotations.OneMoreAssertion@15b5592</td></tr>
<tr>
<td title='com.annotations.OneMoreMethodFail.testcase1()'><b>testcase1</b><br>Test class: com.annotations.OneMoreMethodFail</td>
<td><div><pre>java.lang.AssertionError: The following asserts failed:
	Comparing two strings
	at com.annotations.OneMoreMethodFail.testcase1(OneMoreMethodFail.java:17)
... Removed 26 stack frames</pre></div><a href='#' onClick='toggleBox("stack-trace21308408", this, "Click to show all stack frames", "Click to hide stack frames")'>Click to show all stack frames</a>
<div class='stack-trace' id='stack-trace21308408'><pre>java.lang.AssertionError: The following asserts failed:
	Comparing two strings
	at org.testng.asserts.SoftAssert.assertAll(SoftAssert.java:43)
	at com.annotations.OneMoreMethodFail.testcase1(OneMoreMethodFail.java:17)
	at sun.reflect.NativeMethodAccessorImpl.invoke0(Native Method)
	at sun.reflect.NativeMethodAccessorImpl.invoke(NativeMethodAccessorImpl.java:62)
	at sun.reflect.DelegatingMethodAccessorImpl.invoke(DelegatingMethodAccessorImpl.java:43)
	at java.lang.reflect.Method.invoke(Method.java:498)
	at org.testng.internal.MethodInvocationHelper.invokeMethod(MethodInvocationHelper.java:100)
	at org.testng.internal.Invoker.invokeMethod(Invoker.java:646)
	at org.testng.internal.Invoker.invokeTestMethod(Invoker.java:811)
	at org.testng.internal.Invoker.invokeTestMethods(Invoker.java:1137)
	at org.testng.internal.TestMethodWorker.invokeTestMethods(TestMethodWorker.java:129)
	at org.testng.internal.TestMethodWorker.run(TestMethodWorker.java:112)
	at org.testng.TestRunner.privateRun(TestRunner.java:753)
	at org.testng.TestRunner.run(TestRunner.java:607)
	at org.testng.SuiteRunner.runTest(SuiteRunner.java:368)
	at org.testng.SuiteRunner.runSequentially(SuiteRunner.java:363)
	at org.testng.SuiteRunner.privateRun(SuiteRunner.java:321)
	at org.testng.SuiteRunner.run(SuiteRunner.java:270)
	at org.testng.SuiteRunnerWorker.runSuite(SuiteRunnerWorker.java:52)
	at org.testng.SuiteRunnerWorker.run(SuiteRunnerWorker.java:86)
	at org.testng.TestNG.runSuitesSequentially(TestNG.java:1284)
	at org.testng.TestNG.runSuitesLocally(TestNG.java:1209)
	at org.testng.TestNG.runSuites(TestNG.java:1124)
	at org.testng.TestNG.run(TestNG.java:1096)
	at org.testng.remote.AbstractRemoteTestNG.run(AbstractRemoteTestNG.java:132)
	at org.testng.remote.RemoteTestNG.initAndRun(RemoteTestNG.java:236)
	at org.testng.remote.RemoteTestNG.main(RemoteTestNG.java:81)
</pre></div></td>
<td>0</td>
<td>com.annotations.OneMoreMethodFail@120ebad</td></tr>
</table><p>
<table width='100%' border='1' class='invocation-passed'>
<tr><td colspan='4' align='center'><b>PASSED TESTS</b></td></tr>
<tr><td><b>Test method</b></td>
<td width="30%"><b>Exception</b></td>
<td width="10%"><b>Time (seconds)</b></td>
<td><b>Instance</b></td>
</tr>
<tr>
<td title='com.annotations.SkipTestCase.Savemail()'><b>Savemail</b><br>Test class: com.annotations.SkipTestCase</td>
<td></td>
<td>0</td>
<td>com.annotations.SkipTestCase@651fd0</td></tr>
<tr>
<td title='com.annotations.PriorityExample.Savemail()'><b>Savemail</b><br>Test class: com.annotations.PriorityExample</td>
<td></td>
<td>0</td>
<td>com.annotations.PriorityExample@19f379</td></tr>
<tr>
<td title='com.annotations.AssertionExample.assertionex()'><b>assertionex</b><br>Test class: com.annotations.AssertionExample</td>
<td></td>
<td>0</td>
<td>com.annotations.AssertionExample@ee68d8</td></tr>
<tr>
<td title='com.annotations.PriorityExample.composemail()'><b>composemail</b><br>Test class: com.annotations.PriorityExample</td>
<td></td>
<td>0</td>
<td>com.annotations.PriorityExample@19f379</td></tr>
<tr>
<td title='com.annotations.DependencyExample.login()'><b>login</b><br>Test class: com.annotations.DependencyExample</td>
<td></td>
<td>0</td>
<td>com.annotations.DependencyExample@1629756</td></tr>
<tr>
<td title='com.annotations.SkipTestCase.login()'><b>login</b><br>Test class: com.annotations.SkipTestCase</td>
<td></td>
<td>0</td>
<td>com.annotations.SkipTestCase@651fd0</td></tr>
<tr>
<td title='com.annotations.PriorityExample.login()'><b>login</b><br>Test class: com.annotations.PriorityExample</td>
<td></td>
<td>0</td>
<td>com.annotations.PriorityExample@19f379</td></tr>
<tr>
<td title='com.annotations.Annot.testcase1()'><b>testcase1</b><br>Test class: com.annotations.Annot</td>
<td></td>
<td>0</td>
<td>com.annotations.Annot@1081592</td></tr>
<tr>
<td title='com.annotations.ParamWithExcel.testcase1()'><b>testcase1</b><br>Test class: com.annotations.ParamWithExcel<br>Parameters: Name1, Password1</td>
<td></td>
<td>0</td>
<td>com.annotations.ParamWithExcel@1c7cbad</td></tr>
<tr>
<td title='com.annotations.ParamWithExcel.testcase1()'><b>testcase1</b><br>Test class: com.annotations.ParamWithExcel<br>Parameters: Name2, Password2</td>
<td></td>
<td>0</td>
<td>com.annotations.ParamWithExcel@1c7cbad</td></tr>
<tr>
<td title='com.annotations.ParamWithExcel.testcase1()'><b>testcase1</b><br>Test class: com.annotations.ParamWithExcel<br>Parameters: Name3, Password3</td>
<td></td>
<td>0</td>
<td>com.annotations.ParamWithExcel@1c7cbad</td></tr>
<tr>
<td title='com.annotations.ParamWithExcel.testcase1()'><b>testcase1</b><br>Test class: com.annotations.ParamWithExcel<br>Parameters: Name4, Password4</td>
<td></td>
<td>0</td>
<td>com.annotations.ParamWithExcel@1c7cbad</td></tr>
<tr>
<td title='com.annotations.ParamWithExcel.testcase1()'><b>testcase1</b><br>Test class: com.annotations.ParamWithExcel<br>Parameters: Name5, Password5</td>
<td></td>
<td>0</td>
<td>com.annotations.ParamWithExcel@1c7cbad</td></tr>
<tr>
<td title='com.annotations.ParamWithExcel.testcase1()'><b>testcase1</b><br>Test class: com.annotations.ParamWithExcel<br>Parameters: Name6, Password6</td>
<td></td>
<td>0</td>
<td>com.annotations.ParamWithExcel@1c7cbad</td></tr>
<tr>
<td title='com.annotations.ParamWithExcel.testcase1()'><b>testcase1</b><br>Test class: com.annotations.ParamWithExcel<br>Parameters: Name7, Password7</td>
<td></td>
<td>0</td>
<td>com.annotations.ParamWithExcel@1c7cbad</td></tr>
<tr>
<td title='com.annotations.ParamWithExcel.testcase1()'><b>testcase1</b><br>Test class: com.annotations.ParamWithExcel<br>Parameters: Name8, Password8</td>
<td></td>
<td>0</td>
<td>com.annotations.ParamWithExcel@1c7cbad</td></tr>
<tr>
<td title='com.annotations.ParamWithExcel.testcase1()'><b>testcase1</b><br>Test class: com.annotations.ParamWithExcel<br>Parameters: Name9, Password9</td>
<td></td>
<td>0</td>
<td>com.annotations.ParamWithExcel@1c7cbad</td></tr>
<tr>
<td title='com.annotations.ParamWithExcel.testcase1()'><b>testcase1</b><br>Test class: com.annotations.ParamWithExcel<br>Parameters: Name10, Password10</td>
<td></td>
<td>0</td>
<td>com.annotations.ParamWithExcel@1c7cbad</td></tr>
<tr>
<td title='com.annotations.ParamWithExcel.testcase1()'><b>testcase1</b><br>Test class: com.annotations.ParamWithExcel<br>Parameters: Name11, Password11</td>
<td></td>
<td>0</td>
<td>com.annotations.ParamWithExcel@1c7cbad</td></tr>
<tr>
<td title='com.annotations.ParamWithExcel.testcase1()'><b>testcase1</b><br>Test class: com.annotations.ParamWithExcel<br>Parameters: Name12, Password12</td>
<td></td>
<td>0</td>
<td>com.annotations.ParamWithExcel@1c7cbad</td></tr>
<tr>
<td title='com.annotations.ParamWithExcel.testcase1()'><b>testcase1</b><br>Test class: com.annotations.ParamWithExcel<br>Parameters: Name13, Password13</td>
<td></td>
<td>0</td>
<td>com.annotations.ParamWithExcel@1c7cbad</td></tr>
<tr>
<td title='com.annotations.ParamWithExcel.testcase1()'><b>testcase1</b><br>Test class: com.annotations.ParamWithExcel<br>Parameters: Name14, Password14</td>
<td></td>
<td>0</td>
<td>com.annotations.ParamWithExcel@1c7cbad</td></tr>
<tr>
<td title='com.annotations.ParamWithExcel.testcase1()'><b>testcase1</b><br>Test class: com.annotations.ParamWithExcel<br>Parameters: Name15, Password15</td>
<td></td>
<td>0</td>
<td>com.annotations.ParamWithExcel@1c7cbad</td></tr>
<tr>
<td title='com.annotations.ParamWithExcel.testcase1()'><b>testcase1</b><br>Test class: com.annotations.ParamWithExcel<br>Parameters: Name16, Password16</td>
<td></td>
<td>0</td>
<td>com.annotations.ParamWithExcel@1c7cbad</td></tr>
<tr>
<td title='com.annotations.Param.testcase1()'><b>testcase1</b><br>Test class: com.annotations.Param<br>Parameters: Name1, password1</td>
<td></td>
<td>0</td>
<td>com.annotations.Param@1933fd1</td></tr>
<tr>
<td title='com.annotations.Param.testcase1()'><b>testcase1</b><br>Test class: com.annotations.Param<br>Parameters: Name2, password2</td>
<td></td>
<td>0</td>
<td>com.annotations.Param@1933fd1</td></tr>
<tr>
<td title='com.annotations.Param.testcase1()'><b>testcase1</b><br>Test class: com.annotations.Param<br>Parameters: Name3, password3</td>
<td></td>
<td>0</td>
<td>com.annotations.Param@1933fd1</td></tr>
<tr>
<td title='com.annotations.Annot.testcase2()'><b>testcase2</b><br>Test class: com.annotations.Annot</td>
<td></td>
<td>0</td>
<td>com.annotations.Annot@1081592</td></tr>
<tr>
<td title='com.annotations.Annot.testcase3()'><b>testcase3</b><br>Test class: com.annotations.Annot</td>
<td></td>
<td>0</td>
<td>com.annotations.Annot@1081592</td></tr>
<tr>
<td title='com.annotations.WorkWithExcel.workwithExcel()'><b>workwithExcel</b><br>Test class: com.annotations.WorkWithExcel</td>
<td></td>
<td>0</td>
<td>com.annotations.WorkWithExcel@12cc05a</td></tr>
</table><p>
<table width='100%' border='1' class='invocation-skipped'>
<tr><td colspan='4' align='center'><b>SKIPPED TESTS</b></td></tr>
<tr><td><b>Test method</b></td>
<td width="30%"><b>Exception</b></td>
<td width="10%"><b>Time (seconds)</b></td>
<td><b>Instance</b></td>
</tr>
<tr>
<td title='com.annotations.DependencyExample.Savemail()'><b>Savemail</b><br>Test class: com.annotations.DependencyExample</td>
<td><div><pre>java.lang.Throwable: Method DependencyExample.Savemail()[pri:2, instance:com.annotations.DependencyExample@1629756] depends on not successfully finished methods
... Removed 18 stack frames</pre></div><a href='#' onClick='toggleBox("stack-trace3217584", this, "Click to show all stack frames", "Click to hide stack frames")'>Click to show all stack frames</a>
<div class='stack-trace' id='stack-trace3217584'><pre>java.lang.Throwable: Method DependencyExample.Savemail()[pri:2, instance:com.annotations.DependencyExample@1629756] depends on not successfully finished methods
	at org.testng.internal.Invoker.invokeTestMethods(Invoker.java:1028)
	at org.testng.internal.TestMethodWorker.invokeTestMethods(TestMethodWorker.java:129)
	at org.testng.internal.TestMethodWorker.run(TestMethodWorker.java:112)
	at org.testng.TestRunner.privateRun(TestRunner.java:753)
	at org.testng.TestRunner.run(TestRunner.java:607)
	at org.testng.SuiteRunner.runTest(SuiteRunner.java:368)
	at org.testng.SuiteRunner.runSequentially(SuiteRunner.java:363)
	at org.testng.SuiteRunner.privateRun(SuiteRunner.java:321)
	at org.testng.SuiteRunner.run(SuiteRunner.java:270)
	at org.testng.SuiteRunnerWorker.runSuite(SuiteRunnerWorker.java:52)
	at org.testng.SuiteRunnerWorker.run(SuiteRunnerWorker.java:86)
	at org.testng.TestNG.runSuitesSequentially(TestNG.java:1284)
	at org.testng.TestNG.runSuitesLocally(TestNG.java:1209)
	at org.testng.TestNG.runSuites(TestNG.java:1124)
	at org.testng.TestNG.run(TestNG.java:1096)
	at org.testng.remote.AbstractRemoteTestNG.run(AbstractRemoteTestNG.java:132)
	at org.testng.remote.RemoteTestNG.initAndRun(RemoteTestNG.java:236)
	at org.testng.remote.RemoteTestNG.main(RemoteTestNG.java:81)
</pre></div></td>
<td>0</td>
<td>null</td></tr>
<tr>
<td title='com.annotations.SkipTestCase.composemail()'><b>composemail</b><br>Test class: com.annotations.SkipTestCase</td>
<td><div><pre>org.testng.SkipException: This testcase is skipping for so and so reason...
	at com.annotations.SkipTestCase.composemail(SkipTestCase.java:18)
... Removed 25 stack frames</pre></div><a href='#' onClick='toggleBox("stack-trace6886243", this, "Click to show all stack frames", "Click to hide stack frames")'>Click to show all stack frames</a>
<div class='stack-trace' id='stack-trace6886243'><pre>org.testng.SkipException: This testcase is skipping for so and so reason...
	at com.annotations.SkipTestCase.composemail(SkipTestCase.java:18)
	at sun.reflect.NativeMethodAccessorImpl.invoke0(Native Method)
	at sun.reflect.NativeMethodAccessorImpl.invoke(NativeMethodAccessorImpl.java:62)
	at sun.reflect.DelegatingMethodAccessorImpl.invoke(DelegatingMethodAccessorImpl.java:43)
	at java.lang.reflect.Method.invoke(Method.java:498)
	at org.testng.internal.MethodInvocationHelper.invokeMethod(MethodInvocationHelper.java:100)
	at org.testng.internal.Invoker.invokeMethod(Invoker.java:646)
	at org.testng.internal.Invoker.invokeTestMethod(Invoker.java:811)
	at org.testng.internal.Invoker.invokeTestMethods(Invoker.java:1137)
	at org.testng.internal.TestMethodWorker.invokeTestMethods(TestMethodWorker.java:129)
	at org.testng.internal.TestMethodWorker.run(TestMethodWorker.java:112)
	at org.testng.TestRunner.privateRun(TestRunner.java:753)
	at org.testng.TestRunner.run(TestRunner.java:607)
	at org.testng.SuiteRunner.runTest(SuiteRunner.java:368)
	at org.testng.SuiteRunner.runSequentially(SuiteRunner.java:363)
	at org.testng.SuiteRunner.privateRun(SuiteRunner.java:321)
	at org.testng.SuiteRunner.run(SuiteRunner.java:270)
	at org.testng.SuiteRunnerWorker.runSuite(SuiteRunnerWorker.java:52)
	at org.testng.SuiteRunnerWorker.run(SuiteRunnerWorker.java:86)
	at org.testng.TestNG.runSuitesSequentially(TestNG.java:1284)
	at org.testng.TestNG.runSuitesLocally(TestNG.java:1209)
	at org.testng.TestNG.runSuites(TestNG.java:1124)
	at org.testng.TestNG.run(TestNG.java:1096)
	at org.testng.remote.AbstractRemoteTestNG.run(AbstractRemoteTestNG.java:132)
	at org.testng.remote.RemoteTestNG.initAndRun(RemoteTestNG.java:236)
	at org.testng.remote.RemoteTestNG.main(RemoteTestNG.java:81)
</pre></div></td>
<td>0</td>
<td>com.annotations.SkipTestCase@651fd0</td></tr>
</table><p>
</body>
</html>